{"name":"UserCanSelectBlousesMenu","status":"broken","statusDetails":{"known":false,"muted":false,"flaky":false,"message":"java.lang.reflect.InvocationTargetException\nBuild info: version: '3.141.59', revision: 'e82be7d358', time: '2018-11-14T08:17:03'\nSystem info: host: 'DESKTOP-AS5V1DM', ip: '192.168.1.10', os.name: 'Windows 10', os.arch: 'amd64', os.version: '10.0', java.version: '15.0.2'\nDriver info: driver.version: RemoteWebDriver","trace":"org.openqa.selenium.json.JsonException: java.lang.reflect.InvocationTargetException\nBuild info: version: '3.141.59', revision: 'e82be7d358', time: '2018-11-14T08:17:03'\nSystem info: host: 'DESKTOP-AS5V1DM', ip: '192.168.1.10', os.name: 'Windows 10', os.arch: 'amd64', os.version: '10.0', java.version: '15.0.2'\nDriver info: driver.version: RemoteWebDriver\r\n\tat org.openqa.selenium.json.JsonOutput.convertUsingMethod(JsonOutput.java:332)\r\n\tat org.openqa.selenium.json.JsonOutput.lambda$new$16(JsonOutput.java:155)\r\n\tat org.openqa.selenium.json.JsonOutput.write(JsonOutput.java:264)\r\n\tat org.openqa.selenium.json.JsonOutput.lambda$null$21(JsonOutput.java:168)\r\n\tat java.base/java.util.LinkedHashMap$LinkedValues.forEach(LinkedHashMap.java:647)\r\n\tat org.openqa.selenium.json.JsonOutput.lambda$new$22(JsonOutput.java:168)\r\n\tat org.openqa.selenium.json.JsonOutput.write(JsonOutput.java:264)\r\n\tat org.openqa.selenium.json.JsonOutput.lambda$null$23(JsonOutput.java:177)\r\n\tat com.google.common.collect.SingletonImmutableBiMap.forEach(SingletonImmutableBiMap.java:66)\r\n\tat org.openqa.selenium.json.JsonOutput.lambda$new$24(JsonOutput.java:176)\r\n\tat org.openqa.selenium.json.JsonOutput.write(JsonOutput.java:264)\r\n\tat org.openqa.selenium.json.JsonOutput.write(JsonOutput.java:255)\r\n\tat org.openqa.selenium.json.Json.toJson(Json.java:42)\r\n\tat org.openqa.selenium.remote.http.AbstractHttpCommandCodec.encode(AbstractHttpCommandCodec.java:227)\r\n\tat org.openqa.selenium.remote.http.AbstractHttpCommandCodec.encode(AbstractHttpCommandCodec.java:117)\r\n\tat org.openqa.selenium.remote.HttpCommandExecutor.execute(HttpCommandExecutor.java:152)\r\n\tat org.openqa.selenium.remote.service.DriverCommandExecutor.execute(DriverCommandExecutor.java:83)\r\n\tat org.openqa.selenium.remote.RemoteWebDriver.execute(RemoteWebDriver.java:552)\r\n\tat org.openqa.selenium.remote.RemoteWebDriver.perform(RemoteWebDriver.java:618)\r\n\tat org.openqa.selenium.interactions.Actions$BuiltAction.perform(Actions.java:639)\r\n\tat pages.HomePage.SelectBlousesMenu(HomePage.java:37)\r\n\tat tests.SelectBlousesTest.UserCanSelectBlousesMenu(SelectBlousesTest.java:17)\r\n\tat java.base/jdk.internal.reflect.NativeMethodAccessorImpl.invoke0(Native Method)\r\n\tat java.base/jdk.internal.reflect.NativeMethodAccessorImpl.invoke(NativeMethodAccessorImpl.java:64)\r\n\tat java.base/jdk.internal.reflect.DelegatingMethodAccessorImpl.invoke(DelegatingMethodAccessorImpl.java:43)\r\n\tat java.base/java.lang.reflect.Method.invoke(Method.java:564)\r\n\tat org.testng.internal.MethodInvocationHelper.invokeMethod(MethodInvocationHelper.java:134)\r\n\tat org.testng.internal.TestInvoker.invokeMethod(TestInvoker.java:597)\r\n\tat org.testng.internal.TestInvoker.invokeTestMethod(TestInvoker.java:173)\r\n\tat org.testng.internal.MethodRunner.runInSequence(MethodRunner.java:46)\r\n\tat org.testng.internal.TestInvoker$MethodInvocationAgent.invoke(TestInvoker.java:816)\r\n\tat org.testng.internal.TestInvoker.invokeTestMethods(TestInvoker.java:146)\r\n\tat org.testng.internal.TestMethodWorker.invokeTestMethods(TestMethodWorker.java:146)\r\n\tat org.testng.internal.TestMethodWorker.run(TestMethodWorker.java:128)\r\n\tat java.base/java.util.ArrayList.forEach(ArrayList.java:1511)\r\n\tat org.testng.TestRunner.privateRun(TestRunner.java:766)\r\n\tat org.testng.TestRunner.run(TestRunner.java:587)\r\n\tat org.testng.SuiteRunner.runTest(SuiteRunner.java:384)\r\n\tat org.testng.SuiteRunner.runSequentially(SuiteRunner.java:378)\r\n\tat org.testng.SuiteRunner.privateRun(SuiteRunner.java:337)\r\n\tat org.testng.SuiteRunner.run(SuiteRunner.java:286)\r\n\tat org.testng.SuiteRunnerWorker.runSuite(SuiteRunnerWorker.java:53)\r\n\tat org.testng.SuiteRunnerWorker.run(SuiteRunnerWorker.java:96)\r\n\tat org.testng.TestNG.runSuitesSequentially(TestNG.java:1187)\r\n\tat org.testng.TestNG.runSuitesLocally(TestNG.java:1109)\r\n\tat org.testng.TestNG.runSuites(TestNG.java:1039)\r\n\tat org.testng.TestNG.run(TestNG.java:1007)\r\n\tat com.intellij.rt.testng.IDEARemoteTestNG.run(IDEARemoteTestNG.java:66)\r\n\tat com.intellij.rt.testng.RemoteTestNGStarter.main(RemoteTestNGStarter.java:109)\r\n\tSuppressed: org.openqa.selenium.json.JsonException: Attempting to close incomplete json stream\nBuild info: version: '3.141.59', revision: 'e82be7d358', time: '2018-11-14T08:17:03'\nSystem info: host: 'DESKTOP-AS5V1DM', ip: '192.168.1.10', os.name: 'Windows 10', os.arch: 'amd64', os.version: '10.0', java.version: '15.0.2'\nDriver info: driver.version: RemoteWebDriver\r\n\t\tat org.openqa.selenium.json.JsonOutput.close(JsonOutput.java:279)\r\n\t\tat org.openqa.selenium.json.Json.toJson(Json.java:44)\r\n\t\t... 36 more\r\nCaused by: java.lang.reflect.InvocationTargetException\r\n\tat java.base/jdk.internal.reflect.NativeMethodAccessorImpl.invoke0(Native Method)\r\n\tat java.base/jdk.internal.reflect.NativeMethodAccessorImpl.invoke(NativeMethodAccessorImpl.java:64)\r\n\tat java.base/jdk.internal.reflect.DelegatingMethodAccessorImpl.invoke(DelegatingMethodAccessorImpl.java:43)\r\n\tat java.base/java.lang.reflect.Method.invoke(Method.java:564)\r\n\tat org.openqa.selenium.json.JsonOutput.convertUsingMethod(JsonOutput.java:328)\r\n\t... 48 more\r\nCaused by: org.openqa.selenium.NoSuchElementException: Cannot locate an element using link text=Blouses\nFor documentation on this error, please visit: https://www.seleniumhq.org/exceptions/no_such_element.html\nBuild info: version: '3.141.59', revision: 'e82be7d358', time: '2018-11-14T08:17:03'\nSystem info: host: 'DESKTOP-AS5V1DM', ip: '192.168.1.10', os.name: 'Windows 10', os.arch: 'amd64', os.version: '10.0', java.version: '15.0.2'\nDriver info: driver.version: RemoteWebDriver\r\n\tat org.openqa.selenium.remote.RemoteWebDriver.findElement(RemoteWebDriver.java:327)\r\n\tat org.openqa.selenium.remote.RemoteWebDriver.findElementByLinkText(RemoteWebDriver.java:380)\r\n\tat org.openqa.selenium.By$ByLinkText.findElement(By.java:220)\r\n\tat org.openqa.selenium.remote.RemoteWebDriver.findElement(RemoteWebDriver.java:315)\r\n\tat org.openqa.selenium.support.pagefactory.DefaultElementLocator.findElement(DefaultElementLocator.java:69)\r\n\tat org.openqa.selenium.support.pagefactory.internal.LocatingElementHandler.invoke(LocatingElementHandler.java:38)\r\n\tat com.sun.proxy.$Proxy16.getWrappedElement(Unknown Source)\r\n\tat org.openqa.selenium.interactions.PointerInput$Origin.asArg(PointerInput.java:204)\r\n\tat org.openqa.selenium.interactions.PointerInput$Move.encode(PointerInput.java:155)\r\n\tat org.openqa.selenium.interactions.Sequence.encode(Sequence.java:75)\r\n\tat org.openqa.selenium.interactions.Sequence.toJson(Sequence.java:84)\r\n\t... 53 more\r\n"},"stage":"finished","steps":[],"attachments":[],"parameters":[],"start":1611846072729,"stop":1611846073419,"uuid":"9281681a-f7ca-43e4-a1ca-e02e41a65644","historyId":"a1abfa88310819b862eb4e24f7b92173","fullName":"tests.SelectBlousesTest.UserCanSelectBlousesMenu","labels":[{"name":"package","value":"tests.SelectBlousesTest"},{"name":"testClass","value":"tests.SelectBlousesTest"},{"name":"testMethod","value":"UserCanSelectBlousesMenu"},{"name":"parentSuite","value":"All Test Suite"},{"name":"suite","value":"C:/Users/mayad/Desktop/VOISTask"},{"name":"subSuite","value":"tests.SelectBlousesTest"},{"name":"host","value":"DESKTOP-AS5V1DM"},{"name":"thread","value":"984@DESKTOP-AS5V1DM.main(1)"},{"name":"framework","value":"testng"},{"name":"language","value":"java"}],"links":[]}